# JRE version: Java(TM) SE Runtime Environment (8.0_181-b13) (build 1.8.0_181-b13)
# Java VM: Java HotSpot(TM) 64-Bit Server VM (25.181-b13 mixed mode linux-amd64 compressed oops)
Heap:
 PSYoungGen      total 41472K, used 14884K [0x00000000fd580000, 0x0000000100000000, 0x0000000100000000)
  eden space 39424K, 34% used [0x00000000fd580000,0x00000000fe2e3ef8,0x00000000ffc00000)
  from space 2048K, 57% used [0x00000000ffc00000,0x00000000ffd25148,0x00000000ffe00000)
  to   space 2048K, 0% used [0x00000000ffe00000,0x00000000ffe00000,0x0000000100000000)
 ParOldGen       total 87552K, used 69863K [0x00000000f8000000, 0x00000000fd580000, 0x00000000fd580000)
  object space 87552K, 79% used [0x00000000f8000000,0x00000000fc439fd8,0x00000000fd580000)
 Metaspace       used 62723K, capacity 64158K, committed 64344K, reserved 1105920K
  class space    used 7741K, capacity 8008K, committed 8064K, reserved 1048576K
GC Heap History (10 events):
Event: 849.977 GC heap before
{Heap before GC invocations=512 (full 3):
 PSYoungGen      total 41472K, used 40254K [0x00000000fd580000, 0x0000000100000000, 0x0000000100000000)
  eden space 39424K, 100% used [0x00000000fd580000,0x00000000ffc00000,0x00000000ffc00000)
  from space 2048K, 40% used [0x00000000ffe00000,0x00000000ffecfa50,0x0000000100000000)
  to   space 2048K, 0% used [0x00000000ffc00000,0x00000000ffc00000,0x00000000ffe00000)
 ParOldGen       total 87552K, used 69656K [0x00000000f8000000, 0x00000000fd580000, 0x00000000fd580000)
  object space 87552K, 79% used [0x00000000f8000000,0x00000000fc4060c8,0x00000000fd580000)
 Metaspace       used 62541K, capacity 63872K, committed 64088K, reserved 1105920K
  class space    used 7724K, capacity 8000K, committed 8064K, reserved 1048576K
Event: 849.979 GC heap after
Heap after GC invocations=512 (full 3):
 PSYoungGen      total 41472K, used 862K [0x00000000fd580000, 0x0000000100000000, 0x0000000100000000)
  eden space 39424K, 0% used [0x00000000fd580000,0x00000000fd580000,0x00000000ffc00000)
  from space 2048K, 42% used [0x00000000ffc00000,0x00000000ffcd7b30,0x00000000ffe00000)
  to   space 2048K, 0% used [0x00000000ffe00000,0x00000000ffe00000,0x0000000100000000)
 ParOldGen       total 87552K, used 69664K [0x00000000f8000000, 0x00000000fd580000, 0x00000000fd580000)
  object space 87552K, 79% used [0x00000000f8000000,0x00000000fc4080c8,0x00000000fd580000)
 Metaspace       used 62541K, capacity 63872K, committed 64088K, reserved 1105920K
  class space    used 7724K, capacity 8000K, committed 8064K, reserved 1048576K
}
Event: 853.727 GC heap before
{Heap before GC invocations=513 (full 3):
 PSYoungGen      total 41472K, used 40286K [0x00000000fd580000, 0x0000000100000000, 0x0000000100000000)
  eden space 39424K, 100% used [0x00000000fd580000,0x00000000ffc00000,0x00000000ffc00000)
  from space 2048K, 42% used [0x00000000ffc00000,0x00000000ffcd7b30,0x00000000ffe00000)
  to   space 2048K, 0% used [0x00000000ffe00000,0x00000000ffe00000,0x0000000100000000)
 ParOldGen       total 87552K, used 69664K [0x00000000f8000000, 0x00000000fd580000, 0x00000000fd580000)
  object space 87552K, 79% used [0x00000000f8000000,0x00000000fc4080c8,0x00000000fd580000)
 Metaspace       used 62542K, capacity 63872K, committed 64088K, reserved 1105920K
  class space    used 7724K, capacity 8000K, committed 8064K, reserved 1048576K
Event: 853.729 GC heap after
Heap after GC invocations=513 (full 3):
 PSYoungGen      total 41472K, used 799K [0x00000000fd580000, 0x0000000100000000, 0x0000000100000000)
  eden space 39424K, 0% used [0x00000000fd580000,0x00000000fd580000,0x00000000ffc00000)
  from space 2048K, 39% used [0x00000000ffe00000,0x00000000ffec7c80,0x0000000100000000)
  to   space 2048K, 0% used [0x00000000ffc00000,0x00000000ffc00000,0x00000000ffe00000)
 ParOldGen       total 87552K, used 69672K [0x00000000f8000000, 0x00000000fd580000, 0x00000000fd580000)
  object space 87552K, 79% used [0x00000000f8000000,0x00000000fc40a0c8,0x00000000fd580000)
 Metaspace       used 62542K, capacity 63872K, committed 64088K, reserved 1105920K
  class space    used 7724K, capacity 8000K, committed 8064K, reserved 1048576K
}
Event: 861.204 GC heap before
{Heap before GC invocations=514 (full 3):
 PSYoungGen      total 41472K, used 40223K [0x00000000fd580000, 0x0000000100000000, 0x0000000100000000)
  eden space 39424K, 100% used [0x00000000fd580000,0x00000000ffc00000,0x00000000ffc00000)
  from space 2048K, 39% used [0x00000000ffe00000,0x00000000ffec7c80,0x0000000100000000)
  to   space 2048K, 0% used [0x00000000ffc00000,0x00000000ffc00000,0x00000000ffe00000)
 ParOldGen       total 87552K, used 69672K [0x00000000f8000000, 0x00000000fd580000, 0x00000000fd580000)
  object space 87552K, 79% used [0x00000000f8000000,0x00000000fc40a0c8,0x00000000fd580000)
 Metaspace       used 62543K, capacity 63876K, committed 64088K, reserved 1105920K
  class space    used 7724K, capacity 8000K, committed 8064K, reserved 1048576K
Event: 861.207 GC heap after
Heap after GC invocations=514 (full 3):
 PSYoungGen      total 41472K, used 735K [0x00000000fd580000, 0x0000000100000000, 0x0000000100000000)
  eden space 39424K, 0% used [0x00000000fd580000,0x00000000fd580000,0x00000000ffc00000)
  from space 2048K, 35% used [0x00000000ffc00000,0x00000000ffcb7eb0,0x00000000ffe00000)
  to   space 2048K, 0% used [0x00000000ffe00000,0x00000000ffe00000,0x0000000100000000)
 ParOldGen       total 87552K, used 69760K [0x00000000f8000000, 0x00000000fd580000, 0x00000000fd580000)
  object space 87552K, 79% used [0x00000000f8000000,0x00000000fc420038,0x00000000fd580000)
 Metaspace       used 62543K, capacity 63876K, committed 64088K, reserved 1105920K
  class space    used 7724K, capacity 8000K, committed 8064K, reserved 1048576K
}
Event: 920.299 GC heap before
{Heap before GC invocations=515 (full 3):
 PSYoungGen      total 41472K, used 40159K [0x00000000fd580000, 0x0000000100000000, 0x0000000100000000)
  eden space 39424K, 100% used [0x00000000fd580000,0x00000000ffc00000,0x00000000ffc00000)
  from space 2048K, 35% used [0x00000000ffc00000,0x00000000ffcb7eb0,0x00000000ffe00000)
  to   space 2048K, 0% used [0x00000000ffe00000,0x00000000ffe00000,0x0000000100000000)
 ParOldGen       total 87552K, used 69760K [0x00000000f8000000, 0x00000000fd580000, 0x00000000fd580000)
  object space 87552K, 79% used [0x00000000f8000000,0x00000000fc420038,0x00000000fd580000)
 Metaspace       used 62693K, capacity 64080K, committed 64344K, reserved 1105920K
  class space    used 7738K, capacity 8005K, committed 8064K, reserved 1048576K
Event: 920.302 GC heap after
Heap after GC invocations=515 (full 3):
 PSYoungGen      total 41472K, used 1156K [0x00000000fd580000, 0x0000000100000000, 0x0000000100000000)
  eden space 39424K, 0% used [0x00000000fd580000,0x00000000fd580000,0x00000000ffc00000)
  from space 2048K, 56% used [0x00000000ffe00000,0x00000000fff21158,0x0000000100000000)
  to   space 2048K, 0% used [0x00000000ffc00000,0x00000000ffc00000,0x00000000ffe00000)
 ParOldGen       total 87552K, used 69800K [0x00000000f8000000, 0x00000000fd580000, 0x00000000fd580000)
  object space 87552K, 79% used [0x00000000f8000000,0x00000000fc42a008,0x00000000fd580000)
 Metaspace       used 62693K, capacity 64080K, committed 64344K, reserved 1105920K
  class space    used 7738K, capacity 8005K, committed 8064K, reserved 1048576K
}
Event: 1486.488 GC heap before
{Heap before GC invocations=516 (full 3):
 PSYoungGen      total 41472K, used 40580K [0x00000000fd580000, 0x0000000100000000, 0x0000000100000000)
  eden space 39424K, 100% used [0x00000000fd580000,0x00000000ffc00000,0x00000000ffc00000)
  from space 2048K, 56% used [0x00000000ffe00000,0x00000000fff21158,0x0000000100000000)
  to   space 2048K, 0% used [0x00000000ffc00000,0x00000000ffc00000,0x00000000ffe00000)
 ParOldGen       total 87552K, used 69800K [0x00000000f8000000, 0x00000000fd580000, 0x00000000fd580000)
  object space 87552K, 79% used [0x00000000f8000000,0x00000000fc42a008,0x00000000fd580000)
 Metaspace       used 62706K, capacity 64152K, committed 64344K, reserved 1105920K
  class space    used 7740K, capacity 8007K, committed 8064K, reserved 1048576K
Event: 1486.490 GC heap after
Heap after GC invocations=516 (full 3):
 PSYoungGen      total 41472K, used 1172K [0x00000000fd580000, 0x0000000100000000, 0x0000000100000000)
  eden space 39424K, 0% used [0x00000000fd580000,0x00000000fd580000,0x00000000ffc00000)
  from space 2048K, 57% used [0x00000000ffc00000,0x00000000ffd25148,0x00000000ffe00000)
  to   space 2048K, 0% used [0x00000000ffe00000,0x00000000ffe00000,0x0000000100000000)
 ParOldGen       total 87552K, used 69863K [0x00000000f8000000, 0x00000000fd580000, 0x00000000fd580000)
  object space 87552K, 79% used [0x00000000f8000000,0x00000000fc439fd8,0x00000000fd580000)
 Metaspace       used 62706K, capacity 64152K, committed 64344K, reserved 1105920K
  class space    used 7740K, capacity 8007K, committed 8064K, reserved 1048576K
}

